
                    Nyquest Technology Co., Ltd.

NYASM 2.50

    ADDR  OPCODE/VALUE              LINE   TAG  SOURCE                   STATEMENT    

                                    1-    1     ;--------------------------------------------------------
                                    1-    2     ; File Created by SDCC : free open source ISO C Compiler 
                                    1-    3     ; Version 4.2.2 #0 (MSVC)
                                    1-    4     ;--------------------------------------------------------
                                    1-    5     ; NY8A port
                                    1-    6     ;--------------------------------------------------------
                                    1-    7     	.file	"IncluDoc.c"
                                    1-    8     	list	p=NY8A051F,c=on
                                    1-    9     	#include "ny8a051f.inc"
                                    2-    1     #include "common.inc"
                                    3-    1     ;; header file for 8 bit series assembly -*- mode:asm; coding:utf-8; -*-
                                    3-    2     ;; author    Ting
                                    3-    3     ;; date      2020-12-24
                                    3-    4     ;;
                                    3-    5     ;; # constant definition
                                    3-    6     ;;
                                    3-    7     ;; ## instruction result store destination
                                    3-    8     ;;  - W: the result is stored in the ACC.
                                    3-    9     ;;  - F: the result is stored back in register.
                                    3-   10     ;; ## flag name in STATUS register
                                    3-   11     ;;  - C, DC, Z
                                    3-   12     ;;
                                    3-   13     ;; # macro define
                                    3-   14     ;;
                                    3-   15     ;; ## RETURN, used by C compiler, end of function
                                    3-   16     ;; ## PAGESEL, empty macro, maybe used by C compiler (bug?)
                                    3-   17     ;; ## BANKSEL, replace by .banksel pseudo command, empty if disable bank.
                                    3-   18     ;; ## MGOTO, replace by LGOTO (ic<=2K word) or FGOTO (ic>2K word)
                                    3-   19     ;; ## MCALL, same as above
                                    3-   20     ;;
                                    3-   21     W       EQU 0
                                    3-   21     ;W = 0
                                    3-   22     F       EQU 1
                                    3-   22     ;F = 1
                                    3-   23     C		EQU	0
                                    3-   23     ;C = 0
                                    3-   24     DC		EQU	1
                                    3-   24     ;DC = 1
                                    3-   25     Z		EQU	2
                                    3-   25     ;Z = 2
                                    3-   28     ;; common register for all series
                                    3-   29     INDF    EQU 0x00
                                    3-   29     ;INDF = 0
                                    3-   30     PCL     EQU 0x02
                                    3-   30     ;PCL = 2
                                    3-   31     STATUS  EQU 0x03
                                    3-   31     ;STATUS = 3
                                    3-   32     FSR     EQU 0x04
                                    3-   32     ;FSR = 4
                                    3-   33     PCHBUF  EQU 0x0A
                                    3-   33     ;PCHBUF = 10
                                    1-   11     ;--------------------------------------------------------
                                    1-   12     ; external declarations
                                    1-   13     ;--------------------------------------------------------
                                    1-   14     	extern	_clear_ram
                                    1-   15     	extern	_multi_16b
                                    1-   16     	extern	_multi_8b
                                    1-   17     	extern	_T0MD
                                    1-   18     	extern	_PCON1
                                    1-   19     	extern	_BODCON
                                    1-   20     	extern	_PS0CV
                                    1-   21     	extern	_IOSTB
                                    1-   22     	extern	_OSCCR
                                    1-   23     	extern	_TBHD
                                    1-   24     	extern	_TBHP
                                    1-   25     	extern	_IRCR
                                    1-   26     	extern	_BZ1CR
                                    1-   27     	extern	_PS1CV
                                    1-   28     	extern	_PWM1DUTY
                                    1-   29     	extern	_T1CR2
                                    1-   30     	extern	_T1CR1
                                    1-   31     	extern	_TMR1
                                    1-   32     	extern	_PCHBUF
                                    1-   33     	extern	_STATUS
                                    1-   34     	extern	_PCL
                                    1-   35     	extern	_TMR0
                                    1-   36     	extern	_INTFbits
                                    1-   37     	extern	_INTEbits
                                    1-   38     	extern	_BPHCONbits
                                    1-   39     	extern	_BPLCONbits
                                    1-   40     	extern	_BWUCONbits
                                    1-   41     	extern	_PCONbits
                                    1-   42     	extern	_PORTBbits
                                    1-   44     	extern PSAVE
                                    1-   45     	extern SSAVE
                                    1-   46     	extern WSAVE
                                    1-   47     	extern STK12
                                    1-   48     	extern ___STK12
                                    1-   49     	extern STK11
                                    1-   50     	extern ___STK11
                                    1-   51     	extern STK10
                                    1-   52     	extern ___STK10
                                    1-   53     	extern STK09
                                    1-   54     	extern ___STK09
                                    1-   55     	extern STK08
                                    1-   56     	extern ___STK08
                                    1-   57     	extern STK07
                                    1-   58     	extern ___STK07
                                    1-   59     	extern STK06
                                    1-   60     	extern ___STK06
                                    1-   61     	extern STK05
                                    1-   62     	extern ___STK05
                                    1-   63     	extern STK04
                                    1-   64     	extern ___STK04
                                    1-   65     	extern STK03
                                    1-   66     	extern ___STK03
                                    1-   67     	extern STK02
                                    1-   68     	extern ___STK02
                                    1-   69     	extern STK01
                                    1-   70     	extern ___STK01
                                    1-   71     	extern STK00
                                    1-   72     	extern ___STK00
                                    1-   73     ;--------------------------------------------------------
                                    1-   74     ; global declarations
                                    1-   75     ;--------------------------------------------------------
                                    1-   76     	extern	_INTF
                                    1-   77     	extern	_INTE
                                    1-   78     	extern	_BPHCON
                                    1-   79     	extern	_BPLCON
                                    1-   80     	extern	_BWUCON
                                    1-   81     	extern	_PCON
                                    1-   82     	extern	_PORTB
                                    1-   83     	extern	_Timer_1min
                                    1-   84     	extern	_Timer_1s
                                    1-   85     	extern	_Timer_100ms
                                    1-   86     	extern	_Timer_10ms
                                    1-   87     	extern	_Timer_1ms
                                    1-   88     	extern	_Unit_Time
                                    1-   89     	extern	_LED_FLAG
                                    1-   90     	extern	_Time_Temp
                                    1-   91     	extern	_Charge_Cnt
                                    1-   92     	extern	_LED_Off_Cnt
                                    1-   93     	extern	_LED_Charge_Time
                                    1-   94     	extern	_Full_Cnt
                                    1-   95     	extern	_Sleep_Cnt
                                    1-   96     	extern	_Key_Short_LED_Cnt
                                    1-   97     	extern	_Key_Long_Cnt
                                    1-   98     	extern	_Key_Press_Cnt
                                    1-   99     	extern	_Motor_Counter_FLAG
                                    1-  100     	extern	_Motor_Peri_1000
                                    1-  101     	extern	_Motor_Peri_100
                                    1-  102     	extern	_Motor_Peri_10
                                    1-  103     	extern	_Motor_Peri_1
                                    1-  104     	extern	_M1_Cnt
                                    1-  105     	extern	_M1_Freq_Change_Set
                                    1-  106     	extern	_M1_Freq_Change
                                    1-  107     	extern	_Motor_Freq_Cnt2
                                    1-  108     	extern	_Motor_Freq_Cnt1
                                    1-  109     	extern	_Motor_Freq_Cnt0
                                    1-  110     	extern	_Motor_Freq_Change
                                    1-  111     	extern	_M1_Duty_1_Set
                                    1-  112     	extern	_M1_Duty_Set
                                    1-  113     	extern	_M1_Duty
                                    1-  114     	extern	_M1_Cycle_1_Set
                                    1-  115     	extern	_M1_Cycle_Set
                                    1-  116     	extern	_M1_Cycle
                                    1-  117     	extern	_my_flag4
                                    1-  118     	extern	_my_flag3
                                    1-  119     	extern	_my_flag2
                                    1-  120     	extern	_my_flag1
                                    1-  121     	extern	_my_flag0
                                    1-  122     	extern	_My_Flag
                                    1-  123     	extern	_Init
                                    1-  125     ;--------------------------------------------------------
                                    1-  126     ; global definitions
                                    1-  127     ;--------------------------------------------------------
                                    1-  128     .segment "uninit"
     0000                           1-  129     _My_Flag:
                                    1-  130     	.res 1
                                    1-  133     .segment "uninit"
     0000                           1-  134     _Key_Short_LED_Cnt:
                                    1-  135     	.res 1
                                    1-  138     .segment "uninit"
     0000                           1-  139     _Unit_Time:
                                    1-  140     	.res 1
                                    1-  143     .segment "uninit"
     0000                           1-  144     _Timer_1ms:
                                    1-  145     	.res 1
                                    1-  148     .segment "uninit"
     0000                           1-  149     _Timer_10ms:
                                    1-  150     	.res 1
                                    1-  153     .segment "uninit"
     0000                           1-  154     _Timer_100ms:
                                    1-  155     	.res 1
                                    1-  158     .segment "uninit"
     0000                           1-  159     _Timer_1s:
                                    1-  160     	.res 1
                                    1-  163     .segment "uninit"
     0000                           1-  164     _Timer_1min:
                                    1-  165     	.res 1
                                    1-  168     ;--------------------------------------------------------
                                    1-  169     ; absolute symbol definitions
                                    1-  170     ;--------------------------------------------------------
                                    1-  171     ;--------------------------------------------------------
                                    1-  172     ; compiler-defined variables
                                    1-  173     ;--------------------------------------------------------
                                    1-  174     ;--------------------------------------------------------
                                    1-  175     ; initialized data
                                    1-  176     ;--------------------------------------------------------
                                    1-  178     .segment "idata"
     0000                           1-  179     _my_flag0:
     0000 0000                      1-  182     	dw	0x00	; 0
                                    1-  185     .segment "idata"
     0000                           1-  186     _my_flag1:
     0000 0000                      1-  189     	dw	0x00	; 0
                                    1-  192     .segment "idata"
     0000                           1-  193     _my_flag2:
     0000 0000                      1-  196     	dw	0x00	; 0
                                    1-  199     .segment "idata"
     0000                           1-  200     _my_flag3:
     0000 0000                      1-  203     	dw	0x00	; 0
                                    1-  206     .segment "idata"
     0000                           1-  207     _my_flag4:
     0000 0000                      1-  210     	dw	0x00	; 0
                                    1-  213     .segment "idata"
     0000                           1-  214     _M1_Cycle:
     0000 0000 0000                 1-  217     	dw	0x00, 0x00	;  0
                                    1-  220     .segment "idata"
     0000                           1-  221     _M1_Cycle_Set:
     0000 0000 0000                 1-  224     	dw	0x00, 0x00	;  0
                                    1-  227     .segment "idata"
     0000                           1-  228     _M1_Cycle_1_Set:
     0000 0000 0000                 1-  231     	dw	0x00, 0x00	;  0
                                    1-  234     .segment "idata"
     0000                           1-  235     _M1_Duty:
     0000 0000 0000                 1-  238     	dw	0x00, 0x00	;  0
                                    1-  241     .segment "idata"
     0000                           1-  242     _M1_Duty_Set:
     0000 0000 0000                 1-  245     	dw	0x00, 0x00	;  0
                                    1-  248     .segment "idata"
     0000                           1-  249     _M1_Duty_1_Set:
     0000 0000 0000                 1-  252     	dw	0x00, 0x00	;  0
                                    1-  255     .segment "idata"
     0000                           1-  256     _Motor_Freq_Change:
     0000 0000                      1-  259     	dw	0x00	; 0
                                    1-  262     .segment "idata"
     0000                           1-  263     _Motor_Freq_Cnt0:
     0000 0000                      1-  266     	dw	0x00	; 0
                                    1-  269     .segment "idata"
     0000                           1-  270     _Motor_Freq_Cnt1:
     0000 0000 0000                 1-  273     	dw	0x00, 0x00	;  0
                                    1-  276     .segment "idata"
     0000                           1-  277     _Motor_Freq_Cnt2:
     0000 0000                      1-  280     	dw	0x00	; 0
                                    1-  283     .segment "idata"
     0000                           1-  284     _M1_Freq_Change:
     0000 0000                      1-  287     	dw	0x00	; 0
                                    1-  290     .segment "idata"
     0000                           1-  291     _M1_Freq_Change_Set:
     0000 0000                      1-  294     	dw	0x00	; 0
                                    1-  297     .segment "idata"
     0000                           1-  298     _M1_Cnt:
     0000 0000 0000                 1-  301     	dw	0x00, 0x00	;  0
                                    1-  304     .segment "idata"
     0000                           1-  305     _Motor_Peri_1:
     0000 0000 0000                 1-  308     	dw	0x00, 0x00	;  0
                                    1-  311     .segment "idata"
     0000                           1-  312     _Motor_Peri_10:
     0000 0000 0000                 1-  315     	dw	0x00, 0x00	;  0
                                    1-  318     .segment "idata"
     0000                           1-  319     _Motor_Peri_100:
     0000 0000 0000                 1-  322     	dw	0x00, 0x00	;  0
                                    1-  325     .segment "idata"
     0000                           1-  326     _Motor_Peri_1000:
     0000 0000 0000                 1-  329     	dw	0x00, 0x00	;  0
                                    1-  332     .segment "idata"
     0000                           1-  333     _Motor_Counter_FLAG:
     0000 0000 0000                 1-  336     	dw	0x00, 0x00	;  0
                                    1-  339     .segment "idata"
     0000                           1-  340     _Key_Press_Cnt:
     0000 0000                      1-  343     	dw	0x00	; 0
                                    1-  346     .segment "idata"
     0000                           1-  347     _Key_Long_Cnt:
     0000 0000                      1-  350     	dw	0x00	; 0
                                    1-  353     .segment "idata"
     0000                           1-  354     _Sleep_Cnt:
     0000 0000 0000                 1-  357     	dw	0x00, 0x00	;  0
                                    1-  360     .segment "idata"
     0000                           1-  361     _Full_Cnt:
     0000 0000                      1-  364     	dw	0x00	; 0
                                    1-  367     .segment "idata"
     0000                           1-  368     _LED_Charge_Time:
     0000 0000                      1-  371     	dw	0x00	; 0
                                    1-  374     .segment "idata"
     0000                           1-  375     _LED_Off_Cnt:
     0000 0000                      1-  378     	dw	0x00	; 0
                                    1-  381     .segment "idata"
     0000                           1-  382     _Charge_Cnt:
     0000 0000                      1-  385     	dw	0x00	; 0
                                    1-  388     .segment "idata"
     0000                           1-  389     _Time_Temp:
     0000 0001                      1-  392     	dw	0x01	; 1
                                    1-  395     .segment "idata"
     0000                           1-  396     _LED_FLAG:
     0000 0000                      1-  399     	dw	0x00	; 0
                                    1-  401     ;--------------------------------------------------------
                                    1-  402     ; initialized absolute data
                                    1-  403     ;--------------------------------------------------------
                                    1-  404     ;--------------------------------------------------------
                                    1-  405     ; overlayable items in internal ram 
                                    1-  406     ;--------------------------------------------------------
                                    1-  407     ;	udata_ovr
                                    1-  408     ;--------------------------------------------------------
                                    1-  409     ; code
                                    1-  410     ;--------------------------------------------------------
                                    1-  411     ; code_IncluDoc	code
                                    1-  412     ;***
                                    1-  413     ;  pBlock Stats: dbName = C
                                    1-  414     ;***
                                    1-  415     ;has an exit
                                    1-  416     ;; Starting pCode block
                                    1-  417     .segment "code"; module=IncluDoc, function=_Init
     0000                           1-  419     _Init:
                                    1-  420     ; 2 exit points
                                    1-  421     	.line	61, "IncluDoc.c"; 	PCON = C_WDT_En|C_LVR_En ;
     0000 2188                      1-  422     	MOVIA	0x88
     0001 00rr                      1-  423     	MOVAR	_PCON
                                    1-  424     	.line	64, "IncluDoc.c"; 	IOSTB=C_PB0_Input | C_PB1_Output | C_PB2_Output | C_PB3_Input; 
     0002 2109                      1-  425     	MOVIA	0x09
     0003 000r                      1-  426     	IOST	_IOSTB
                                    1-  427     	.line	65, "IncluDoc.c"; 	PORTB = 0x02;   
     0004 2102                      1-  428     	MOVIA	0x02
     0005 00rr                      1-  429     	MOVAR	_PORTB
                                    1-  430     	.line	66, "IncluDoc.c"; 	BPHCON = 0xf1;
     0006 21F1                      1-  431     	MOVIA	0xf1
     0007 00rr                      1-  432     	MOVAR	_BPHCON
                                    1-  433     	.line	69, "IncluDoc.c"; 	PCON1=C_TMR0_En;         //启动定时器0；
     0008 2101                      1-  434     	MOVIA	0x01
     0009 000r                      1-  435     	IOST	_PCON1
                                    1-  436     	.line	70, "IncluDoc.c"; 	TMR0=0x38;               //设置为216
     000A 2138                      1-  437     	MOVIA	0x38
     000B 00rr                      1-  438     	MOVAR	_TMR0
                                    1-  439     	.line	71, "IncluDoc.c"; 	T0MD=C_PS0_TMR0 | C_PS0_Div2;         //分频器给TMR0
     000C 0200                      1-  440     	CLRA	
     000D 0003                      1-  441     	T0MD	
                                    1-  442     	.line	75, "IncluDoc.c"; 	BWUCON =C_PB0_Wakeup | C_PB3_Wakeup;
     000E 2109                      1-  443     	MOVIA	0x09
     000F 00rr                      1-  444     	MOVAR	_BWUCON
                                    1-  445     	.line	79, "IncluDoc.c"; 	T0IE = 1;
     0010 18rr                      1-  446     	BSR	_INTE,0
                                    1-  447     	.line	82, "IncluDoc.c"; 	INTF = 0;
     0011 02rr                      1-  448     	CLRR	_INTF
                                    1-  449     	.line	83, "IncluDoc.c"; 	ENI();
     0012 0004                      1-  450     	ENI
                                    1-  451     	.line	85, "IncluDoc.c"; 	}
                                    1-  452     	RETURN	
     0013 0010                      3-   39 m1      ret
                                    1-  453     ; exit point of _Init
                                    1-  456     ;	code size estimation:
                                    1-  457     ;	   19+    0 =    19 instructions (   38 byte)
                                    1-  459     	end

SYMBOL TABLE            TYPE     VALUE
__pin_count__           Constant 00000006
__processor__           Constant 00800515
C                       Constant 00000000
DC                      Constant 00000001
ENABLE_RAM_BANK         Constant 00000000
F                       Constant 00000001
FSR                     Constant 00000004
INDF                    Constant 00000000
PCHBUF                  Constant 0000000A
PCL                     Constant 00000002
STATUS                  Constant 00000003
USEFGOTO                Constant 00000000
W                       Constant 00000000
Z                       Constant 00000002


SOURCE FILE TABLE
001 OBJ/IncluDoc.s
002 ny8a051f.inc
003 common.inc
004 IncluDoc.c

PROCESSOR    = NY8A051F (8 bits)
PROGRAM ROM  = 0x00000000 - 0x000003FF
DATA ROM     = 0x00000000 - 0x000003FF
SRAM / SFR   = 0x00000000 - 0x00000000
